[debug] [2018-03-31T18:38:17.455Z] ----------------------------------------------------------------------
[debug] [2018-03-31T18:38:17.458Z] Command:       /Users/adrianwarholm/.nvm/versions/node/v8.1.4/bin/node /Users/adrianwarholm/.nvm/versions/node/v8.1.4/bin/firebase serve
[debug] [2018-03-31T18:38:17.458Z] CLI Version:   3.17.7
[debug] [2018-03-31T18:38:17.458Z] Platform:      darwin
[debug] [2018-03-31T18:38:17.458Z] Node Version:  v8.1.4
[debug] [2018-03-31T18:38:17.458Z] Time:          Sat Mar 31 2018 14:38:17 GMT-0400 (EDT)
[debug] [2018-03-31T18:38:17.459Z] ----------------------------------------------------------------------
[debug] 
[debug] [2018-03-31T18:38:17.508Z] > command requires scopes: ["email","openid","https://www.googleapis.com/auth/cloudplatformprojects.readonly","https://www.googleapis.com/auth/firebase","https://www.googleapis.com/auth/cloud-platform"]
[debug] [2018-03-31T18:38:17.508Z] > authorizing via signed-in user
[debug] [2018-03-31T18:38:17.511Z] >>> HTTP REQUEST GET https://admin.firebase.com/v1/projects/asc5yp  
  
 Sat Mar 31 2018 14:38:17 GMT-0400 (EDT)
[debug] [2018-03-31T18:38:17.907Z] <<< HTTP RESPONSE 200
[debug] [2018-03-31T18:38:17.908Z] >>> HTTP REQUEST GET https://admin.firebase.com/v1/database/asc5yp/tokens  
  
 Sat Mar 31 2018 14:38:17 GMT-0400 (EDT)
[debug] [2018-03-31T18:38:18.251Z] <<< HTTP RESPONSE 200
[debug] [2018-03-31T18:38:18.252Z] >>> HTTP REQUEST GET https://cloudresourcemanager.googleapis.com/v1/projects/asc5yp  
  
 Sat Mar 31 2018 14:38:18 GMT-0400 (EDT)
[debug] [2018-03-31T18:38:18.519Z] <<< HTTP RESPONSE 200
[info] 
[info] === Serving from '/Users/adrianwarholm/code/asc5yp/client'...
[info] 
[debug] [2018-03-31T18:38:18.522Z] >>> HTTP REQUEST GET https://mobilesdk-pa.googleapis.com/v1/projects/285487184878/clients/_:getWebAppConfig  
  
 Sat Mar 31 2018 14:38:18 GMT-0400 (EDT)
[debug] [2018-03-31T18:38:18.889Z] <<< HTTP RESPONSE 200
[debug] [2018-03-31T18:38:19.099Z] TypeError: Cannot read property 'public' of undefined
    at Server.<anonymous> (/Users/adrianwarholm/.nvm/versions/node/v8.1.4/lib/node_modules/firebase-tools/lib/serve/hosting.js:34:17)
    at Object.onceWrapper (events.js:314:30)
    at emitNone (events.js:105:13)
    at Server.emit (events.js:207:7)
    at emitListeningNT (net.js:1342:10)
    at _combinedTickCallback (internal/process/next_tick.js:99:11)
    at process._tickDomainCallback (internal/process/next_tick.js:198:9)
[error] 
[error] Error: An unexpected error has occurred.
